# JRE version: Java(TM) SE Runtime Environment (8.0_181-b13) (build 1.8.0_181-b13)
# Java VM: Java HotSpot(TM) Client VM (25.181-b13 mixed mode windows-x86 )
Heap:
 def new generation   total 78656K, used 22749K [0x05200000, 0x0a750000, 0x0a750000)
  eden space 69952K,  25% used [0x05200000, 0x0635eea0, 0x09650000)
  from space 8704K,  57% used [0x09650000, 0x09b28798, 0x09ed0000)
  to   space 8704K,   0% used [0x09ed0000, 0x09ed0000, 0x0a750000)
 tenured generation   total 174784K, used 115370K [0x0a750000, 0x15200000, 0x15200000)
   the space 174784K,  66% used [0x0a750000, 0x117fa928, 0x117faa00, 0x15200000)
 Metaspace       used 24839K, capacity 25855K, committed 25984K, reserved 25984K
GC Heap History (10 events):
Event: 16.567 GC heap before
{Heap before GC invocations=257 (full 8):
 def new generation   total 78656K, used 70058K [0x05200000, 0x0a750000, 0x0a750000)
  eden space 69952K, 100% used [0x05200000, 0x09650000, 0x09650000)
  from space 8704K,   1% used [0x09ed0000, 0x09eea8f8, 0x0a750000)
  to   space 8704K,   0% used [0x09650000, 0x09650000, 0x09ed0000)
 tenured generation   total 174784K, used 115271K [0x0a750000, 0x15200000, 0x15200000)
   the space 174784K,  65% used [0x0a750000, 0x117e1d10, 0x117e1e00, 0x15200000)
 Metaspace       used 24364K, capacity 25343K, committed 25472K, reserved 25984K
Event: 16.568 GC heap after
Heap after GC invocations=258 (full 8):
 def new generation   total 78656K, used 106K [0x05200000, 0x0a750000, 0x0a750000)
  eden space 69952K,   0% used [0x05200000, 0x05200000, 0x09650000)
  from space 8704K,   1% used [0x09650000, 0x0966aa08, 0x09ed0000)
  to   space 8704K,   0% used [0x09ed0000, 0x09ed0000, 0x0a750000)
 tenured generation   total 174784K, used 115271K [0x0a750000, 0x15200000, 0x15200000)
   the space 174784K,  65% used [0x0a750000, 0x117e1d10, 0x117e1e00, 0x15200000)
 Metaspace       used 24364K, capacity 25343K, committed 25472K, reserved 25984K
}
Event: 16.661 GC heap before
{Heap before GC invocations=258 (full 8):
 def new generation   total 78656K, used 70058K [0x05200000, 0x0a750000, 0x0a750000)
  eden space 69952K, 100% used [0x05200000, 0x09650000, 0x09650000)
  from space 8704K,   1% used [0x09650000, 0x0966aa08, 0x09ed0000)
  to   space 8704K,   0% used [0x09ed0000, 0x09ed0000, 0x0a750000)
 tenured generation   total 174784K, used 115271K [0x0a750000, 0x15200000, 0x15200000)
   the space 174784K,  65% used [0x0a750000, 0x117e1d10, 0x117e1e00, 0x15200000)
 Metaspace       used 24364K, capacity 25343K, committed 25472K, reserved 25984K
Event: 16.663 GC heap after
Heap after GC invocations=259 (full 8):
 def new generation   total 78656K, used 8K [0x05200000, 0x0a750000, 0x0a750000)
  eden space 69952K,   0% used [0x05200000, 0x05200000, 0x09650000)
  from space 8704K,   0% used [0x09ed0000, 0x09ed2270, 0x0a750000)
  to   space 8704K,   0% used [0x09650000, 0x09650000, 0x09ed0000)
 tenured generation   total 174784K, used 115369K [0x0a750000, 0x15200000, 0x15200000)
   the space 174784K,  66% used [0x0a750000, 0x117fa550, 0x117fa600, 0x15200000)
 Metaspace       used 24364K, capacity 25343K, committed 25472K, reserved 25984K
}
Event: 16.750 GC heap before
{Heap before GC invocations=259 (full 8):
 def new generation   total 78656K, used 69960K [0x05200000, 0x0a750000, 0x0a750000)
  eden space 69952K, 100% used [0x05200000, 0x09650000, 0x09650000)
  from space 8704K,   0% used [0x09ed0000, 0x09ed2270, 0x0a750000)
  to   space 8704K,   0% used [0x09650000, 0x09650000, 0x09ed0000)
 tenured generation   total 174784K, used 115369K [0x0a750000, 0x15200000, 0x15200000)
   the space 174784K,  66% used [0x0a750000, 0x117fa550, 0x117fa600, 0x15200000)
 Metaspace       used 24364K, capacity 25343K, committed 25472K, reserved 25984K
Event: 16.751 GC heap after
Heap after GC invocations=260 (full 8):
 def new generation   total 78656K, used 10K [0x05200000, 0x0a750000, 0x0a750000)
  eden space 69952K,   0% used [0x05200000, 0x05200000, 0x09650000)
  from space 8704K,   0% used [0x09650000, 0x09652820, 0x09ed0000)
  to   space 8704K,   0% used [0x09ed0000, 0x09ed0000, 0x0a750000)
 tenured generation   total 174784K, used 115369K [0x0a750000, 0x15200000, 0x15200000)
   the space 174784K,  66% used [0x0a750000, 0x117fa7a8, 0x117fa800, 0x15200000)
 Metaspace       used 24364K, capacity 25343K, committed 25472K, reserved 25984K
}
Event: 16.888 GC heap before
{Heap before GC invocations=260 (full 8):
 def new generation   total 78656K, used 69962K [0x05200000, 0x0a750000, 0x0a750000)
  eden space 69952K, 100% used [0x05200000, 0x09650000, 0x09650000)
  from space 8704K,   0% used [0x09650000, 0x09652820, 0x09ed0000)
  to   space 8704K,   0% used [0x09ed0000, 0x09ed0000, 0x0a750000)
 tenured generation   total 174784K, used 115369K [0x0a750000, 0x15200000, 0x15200000)
   the space 174784K,  66% used [0x0a750000, 0x117fa7a8, 0x117fa800, 0x15200000)
 Metaspace       used 24364K, capacity 25343K, committed 25472K, reserved 25984K
Event: 16.892 GC heap after
Heap after GC invocations=261 (full 8):
 def new generation   total 78656K, used 338K [0x05200000, 0x0a750000, 0x0a750000)
  eden space 69952K,   0% used [0x05200000, 0x05200000, 0x09650000)
  from space 8704K,   3% used [0x09ed0000, 0x09f24ae0, 0x0a750000)
  to   space 8704K,   0% used [0x09650000, 0x09650000, 0x09ed0000)
 tenured generation   total 174784K, used 115370K [0x0a750000, 0x15200000, 0x15200000)
   the space 174784K,  66% used [0x0a750000, 0x117fa8a8, 0x117faa00, 0x15200000)
 Metaspace       used 24364K, capacity 25343K, committed 25472K, reserved 25984K
}
Event: 17.281 GC heap before
{Heap before GC invocations=261 (full 8):
 def new generation   total 78656K, used 70290K [0x05200000, 0x0a750000, 0x0a750000)
  eden space 69952K, 100% used [0x05200000, 0x09650000, 0x09650000)
  from space 8704K,   3% used [0x09ed0000, 0x09f24ae0, 0x0a750000)
  to   space 8704K,   0% used [0x09650000, 0x09650000, 0x09ed0000)
 tenured generation   total 174784K, used 115370K [0x0a750000, 0x15200000, 0x15200000)
   the space 174784K,  66% used [0x0a750000, 0x117fa8a8, 0x117faa00, 0x15200000)
 Metaspace       used 24548K, capacity 25567K, committed 25728K, reserved 25984K
Event: 17.287 GC heap after
Heap after GC invocations=262 (full 8):
 def new generation   total 78656K, used 4961K [0x05200000, 0x0a750000, 0x0a750000)
  eden space 69952K,   0% used [0x05200000, 0x05200000, 0x09650000)
  from space 8704K,  57% used [0x09650000, 0x09b28798, 0x09ed0000)
  to   space 8704K,   0% used [0x09ed0000, 0x09ed0000, 0x0a750000)
 tenured generation   total 174784K, used 115370K [0x0a750000, 0x15200000, 0x15200000)
   the space 174784K,  66% used [0x0a750000, 0x117fa928, 0x117faa00, 0x15200000)
 Metaspace       used 24548K, capacity 25567K, committed 25728K, reserved 25984K
}

